::1 - - [23/Aug/2021:01:48:49 +0000] "GET / HTTP/1.1" 304 - "-" "Mozilla/5.0 (Windows NT 10.0; Win64; x64) AppleWebKit/537.36 (KHTML, like Gecko) Chrome/92.0.4515.159 Safari/537.36"
::1 - - [23/Aug/2021:01:48:49 +0000] "GET /css/main.css HTTP/1.1" 304 - "-" "Mozilla/5.0 (Windows NT 10.0; Win64; x64) AppleWebKit/537.36 (KHTML, like Gecko) Chrome/92.0.4515.159 Safari/537.36"
::1 - - [23/Aug/2021:01:48:49 +0000] "GET /css/product.css HTTP/1.1" 304 - "-" "Mozilla/5.0 (Windows NT 10.0; Win64; x64) AppleWebKit/537.36 (KHTML, like Gecko) Chrome/92.0.4515.159 Safari/537.36"
::1 - - [23/Aug/2021:01:48:49 +0000] "GET /js/main.js HTTP/1.1" 304 - "-" "Mozilla/5.0 (Windows NT 10.0; Win64; x64) AppleWebKit/537.36 (KHTML, like Gecko) Chrome/92.0.4515.159 Safari/537.36"
::1 - - [23/Aug/2021:01:48:49 +0000] "GET /images/4c418353-7178-4abc-a170-acce41f0d27b-house_by_the_lake.jpeg HTTP/1.1" 304 - "-" "Mozilla/5.0 (Windows NT 10.0; Win64; x64) AppleWebKit/537.36 (KHTML, like Gecko) Chrome/92.0.4515.159 Safari/537.36"
::1 - - [23/Aug/2021:01:48:53 +0000] "GET / HTTP/1.1" 304 - "-" "Mozilla/5.0 (Windows NT 10.0; Win64; x64) AppleWebKit/537.36 (KHTML, like Gecko) Chrome/92.0.4515.159 Safari/537.36"
::1 - - [23/Aug/2021:01:48:53 +0000] "GET /css/main.css HTTP/1.1" 304 - "-" "Mozilla/5.0 (Windows NT 10.0; Win64; x64) AppleWebKit/537.36 (KHTML, like Gecko) Chrome/92.0.4515.159 Safari/537.36"
::1 - - [23/Aug/2021:01:48:53 +0000] "GET /css/product.css HTTP/1.1" 304 - "-" "Mozilla/5.0 (Windows NT 10.0; Win64; x64) AppleWebKit/537.36 (KHTML, like Gecko) Chrome/92.0.4515.159 Safari/537.36"
::1 - - [23/Aug/2021:01:48:53 +0000] "GET /js/main.js HTTP/1.1" 304 - "-" "Mozilla/5.0 (Windows NT 10.0; Win64; x64) AppleWebKit/537.36 (KHTML, like Gecko) Chrome/92.0.4515.159 Safari/537.36"
::1 - - [23/Aug/2021:01:48:53 +0000] "GET /images/4c418353-7178-4abc-a170-acce41f0d27b-house_by_the_lake.jpeg HTTP/1.1" 304 - "-" "Mozilla/5.0 (Windows NT 10.0; Win64; x64) AppleWebKit/537.36 (KHTML, like Gecko) Chrome/92.0.4515.159 Safari/537.36"
::1 - - [23/Aug/2021:01:48:55 +0000] "GET / HTTP/1.1" 304 - "-" "Mozilla/5.0 (Windows NT 10.0; Win64; x64) AppleWebKit/537.36 (KHTML, like Gecko) Chrome/92.0.4515.159 Safari/537.36"
::1 - - [23/Aug/2021:01:48:55 +0000] "GET /css/main.css HTTP/1.1" 304 - "-" "Mozilla/5.0 (Windows NT 10.0; Win64; x64) AppleWebKit/537.36 (KHTML, like Gecko) Chrome/92.0.4515.159 Safari/537.36"
::1 - - [23/Aug/2021:01:48:55 +0000] "GET /css/product.css HTTP/1.1" 304 - "-" "Mozilla/5.0 (Windows NT 10.0; Win64; x64) AppleWebKit/537.36 (KHTML, like Gecko) Chrome/92.0.4515.159 Safari/537.36"
::1 - - [23/Aug/2021:01:48:55 +0000] "GET /js/main.js HTTP/1.1" 304 - "-" "Mozilla/5.0 (Windows NT 10.0; Win64; x64) AppleWebKit/537.36 (KHTML, like Gecko) Chrome/92.0.4515.159 Safari/537.36"
::1 - - [23/Aug/2021:01:48:55 +0000] "GET /images/4c418353-7178-4abc-a170-acce41f0d27b-house_by_the_lake.jpeg HTTP/1.1" 304 - "-" "Mozilla/5.0 (Windows NT 10.0; Win64; x64) AppleWebKit/537.36 (KHTML, like Gecko) Chrome/92.0.4515.159 Safari/537.36"
::1 - - [23/Aug/2021:02:08:02 +0000] "GET / HTTP/1.1" 200 - "-" "Mozilla/5.0 (Windows NT 10.0; Win64; x64) AppleWebKit/537.36 (KHTML, like Gecko) Chrome/92.0.4515.159 Safari/537.36"
::1 - - [23/Aug/2021:02:08:02 +0000] "GET /css/product.css HTTP/1.1" 200 405 "-" "Mozilla/5.0 (Windows NT 10.0; Win64; x64) AppleWebKit/537.36 (KHTML, like Gecko) Chrome/92.0.4515.159 Safari/537.36"
::1 - - [23/Aug/2021:02:08:02 +0000] "GET /css/main.css HTTP/1.1" 200 - "-" "Mozilla/5.0 (Windows NT 10.0; Win64; x64) AppleWebKit/537.36 (KHTML, like Gecko) Chrome/92.0.4515.159 Safari/537.36"
::1 - - [23/Aug/2021:02:08:02 +0000] "GET /js/main.js HTTP/1.1" 200 535 "-" "Mozilla/5.0 (Windows NT 10.0; Win64; x64) AppleWebKit/537.36 (KHTML, like Gecko) Chrome/92.0.4515.159 Safari/537.36"
::1 - - [23/Aug/2021:02:08:02 +0000] "GET /images/4c418353-7178-4abc-a170-acce41f0d27b-house_by_the_lake.jpeg HTTP/1.1" 200 428131 "-" "Mozilla/5.0 (Windows NT 10.0; Win64; x64) AppleWebKit/537.36 (KHTML, like Gecko) Chrome/92.0.4515.159 Safari/537.36"
::1 - - [23/Aug/2021:02:08:02 +0000] "GET /favicon.ico HTTP/1.1" 404 - "-" "Mozilla/5.0 (Windows NT 10.0; Win64; x64) AppleWebKit/537.36 (KHTML, like Gecko) Chrome/92.0.4515.159 Safari/537.36"
